Arguments: 
  C:\Program Files\node\node.exe C:\Users\34842\AppData\Roaming\npm\node_modules\yarn\bin\yarn.js install

PATH: 
  C:\Program Files (x86)\NetSarang\Xshell 6\;C:\ProgramData\chocolatey\bin;C:\Windows\system32;C:\Windows;C:\Windows\System32\Wbem;C:\Windows\System32\WindowsPowerShell\v1.0\;C:\Windows\System32\OpenSSH\;C:\Program Files (x86)\NVIDIA Corporation\PhysX\Common;C:\Program Files\NVIDIA Corporation\NVIDIA NvDLISR;C:\Program Files\node\;C:\Program Files\Git\cmd;C:\Users\34842\AppData\Local\Microsoft\WindowsApps;C:\Users\34842\AppData\Local\Programs\Microsoft VS Code\bin;C:\Users\34842\AppData\Roaming\npm

Yarn version: 
  1.22.0

Node version: 
  13.0.1

Platform: 
  win32 x64

Trace: 
  Error: ENOENT: no such file or directory, copyfile 'C:\Users\34842\AppData\Local\Yarn\Cache\v6\npm-follow-redirects-1.5.10-7b7a9f9aea2fdff36786a94ff643ed07f4ff5e2a-integrity\node_modules\follow-redirects\index.js' -> 'D:\Person\博客\nuxt\blog-nuxt\node_modules\@nuxtjs\axios\node_modules\follow-redirects\index.js'

npm manifest: 
  {
    "name": "mynuxt",
    "version": "1.0.0",
    "description": "Nuxt.js project",
    "author": "jiangshaochuan <jiangsc93@163.com>",
    "private": true,
    "scripts": {
      "dev": "nuxt",
      "build": "nuxt build",
      "start": "nuxt start",
      "generate": "nuxt generate",
      "lint": "eslint --ext .js,.vue --ignore-path .gitignore .",
      "precommit": "npm run lint"
    },
    "config": {
      "nuxt": {
        "host": "0.0.0.0",
        "port": 80
      }
    },
    "dependencies": {
      "axios": "^0.16.2",
      "cookie-parser": "^1.4.3",
      "element-ui": "^2.2.1",
      "express": "^4.15.5",
      "express-session": "^1.15.6",
      "gt3-sdk": "^2.0.0",
      "highlight.js": "^9.18.1",
      "js-cookie": "^2.2.0",
      "jsc-npm": "^1.0.0",
      "marked": "^0.8.0",
      "mint-ui": "^2.2.13",
      "mongoose": "^4.11.13",
      "multer": "^1.3.0",
      "nuxt": "^1.4.0",
      "request": "^2.88.0",
      "vue-cookie": "^1.1.4",
      "vue-lazyload": "^1.3.3",
      "vue-notification": "^1.3.7",
      "vue-quill-editor": "^3.0.5",
      "vue-scrollto": "^2.17.1"
    },
    "devDependencies": {
      "@nuxtjs/axios": "^5.1.1",
      "@nuxtjs/proxy": "^1.1.4",
      "babel-eslint": "^8.2.1",
      "eslint": "^4.15.0",
      "eslint-friendly-formatter": "^3.0.0",
      "eslint-loader": "^1.7.1",
      "eslint-plugin-vue": "^4.0.0",
      "moment": "^2.18.1",
      "node-sass": "^4.13.1",
      "sass-loader": "^6.0.7",
      "scss": "^0.2.4",
      "scss-loader": "^0.0.1",
      "style-loader": "^0.20.3",
      "vue-style-loader": "^4.1.0"
    }
  }

yarn manifest: 
  No manifest

Lockfile: 
  No lockfile
